<?xml version="1.0" encoding="UTF-8"?>
<robot generator="Robot 6.0.2 (Python 3.11.3 on win32)" generated="20230601 09:12:13.506" rpa="false" schemaversion="3">
<suite id="s1" name="AmazonSearch" source="C:\Users\ett21010\Desktop\Projectbase\Tests\AmazonSearch.robot">
<kw name="Start test" library="Common_Keywords" type="SETUP">
<kw name="Open Browser" library="SeleniumLibrary">
<arg>${URL}</arg>
<arg>${BROWSER}</arg>
<doc>Opens a new browser instance to the optional ``url``.</doc>
<msg timestamp="20230601 09:12:13.785" level="INFO">Opening browser 'chrome' to base url 'https://www.amazon.com/'.</msg>
<msg timestamp="20230601 09:12:13.790" level="INFO">Executing: C:\Users\ett21010\AppData\Local\Programs\Python\Python311\Lib\site-packages\selenium\webdriver\common\windows\selenium-manager.exe --browser chrome --output json</msg>
<status status="PASS" starttime="20230601 09:12:13.784" endtime="20230601 09:12:18.242"/>
</kw>
<kw name="Maximize Browser Window" library="SeleniumLibrary">
<doc>Maximizes current browser window.</doc>
<status status="PASS" starttime="20230601 09:12:18.242" endtime="20230601 09:12:18.379"/>
</kw>
<status status="PASS" starttime="20230601 09:12:13.784" endtime="20230601 09:12:18.379"/>
</kw>
<test id="s1-t1" name="Verify Search Fuction of Amazon" line="14">
<kw name="Verify search result" library="Homepage_keywords">
<kw name="Input Text" library="SeleniumLibrary">
<arg>${INPUTITEMXPATH}</arg>
<arg>${INPUTITEM}</arg>
<doc>Types the given ``text`` into the text field identified by ``locator``.</doc>
<msg timestamp="20230601 09:12:18.383" level="INFO">Typing text 'laptop' into text field '//input[@id='twotabsearchtextbox']'.</msg>
<status status="PASS" starttime="20230601 09:12:18.382" endtime="20230601 09:12:18.711"/>
</kw>
<kw name="Click Element" library="SeleniumLibrary">
<arg>${CLICKSEARCHXPATH}</arg>
<doc>Click the element identified by ``locator``.</doc>
<msg timestamp="20230601 09:12:18.711" level="INFO">Clicking element '//input[@id='nav-search-submit-button']'.</msg>
<status status="PASS" starttime="20230601 09:12:18.711" endtime="20230601 09:12:21.410"/>
</kw>
<kw name="Page Should Contain" library="SeleniumLibrary">
<arg>results</arg>
<doc>Verifies that current page contains ``text``.</doc>
<msg timestamp="20230601 09:12:21.440" level="INFO">Current page contains text 'results'.</msg>
<status status="PASS" starttime="20230601 09:12:21.410" endtime="20230601 09:12:21.440"/>
</kw>
<status status="PASS" starttime="20230601 09:12:18.381" endtime="20230601 09:12:21.440"/>
</kw>
<doc>This test case verifies the basic Search</doc>
<tag>Functionality</tag>
<status status="PASS" starttime="20230601 09:12:18.379" endtime="20230601 09:12:21.441"/>
</test>
<kw name="Complete testcase" library="Common_Keywords" type="TEARDOWN">
<kw name="Close Browser" library="SeleniumLibrary">
<doc>Closes the current browser.</doc>
<status status="PASS" starttime="20230601 09:12:21.442" endtime="20230601 09:12:23.699"/>
</kw>
<status status="PASS" starttime="20230601 09:12:21.442" endtime="20230601 09:12:23.699"/>
</kw>
<doc>Basic Search Functionality</doc>
<status status="PASS" starttime="20230601 09:12:13.507" endtime="20230601 09:12:23.699"/>
</suite>
<statistics>
<total>
<stat pass="1" fail="0" skip="0">All Tests</stat>
</total>
<tag>
<stat pass="1" fail="0" skip="0">Functionality</stat>
</tag>
<suite>
<stat pass="1" fail="0" skip="0" id="s1" name="AmazonSearch">AmazonSearch</stat>
</suite>
</statistics>
<errors>
<msg timestamp="20230601 09:12:13.770" level="ERROR">Error in file 'C:\Users\ett21010\Desktop\Projectbase\Resources\PageObject\Homepage_keywords.robot' on line 3: Importing library 'PythonKeywords' failed: ModuleNotFoundError: No module named 'PythonKeywords'
Traceback (most recent call last):
  None
PYTHONPATH:
  C:\Users\ett21010\AppData\Local\Programs\Python\Python311\Scripts\robot.exe
  C:\Users\ett21010\AppData\Local\Programs\Python\Python311\python311.zip
  C:\Users\ett21010\AppData\Local\Programs\Python\Python311\DLLs
  C:\Users\ett21010\AppData\Local\Programs\Python\Python311\Lib
  C:\Users\ett21010\AppData\Local\Programs\Python\Python311
  C:\Users\ett21010\AppData\Local\Programs\Python\Python311\Lib\site-packages</msg>
<msg timestamp="20230601 09:12:13.777" level="ERROR">Error in file 'C:\Users\ett21010\Desktop\Projectbase\Resources\PageElements\Homepagelocators.robot' on line 3: Variable file '..\Resources\Web_Elements.py' does not exist.</msg>
</errors>
</robot>
